[2023-10-26 08:00:01] INFO: Initializing the top-secret mission to find the hidden flag.
[2023-10-26 08:15:22] WARNING: Agent 007 forgot to pack their lucky rubber duck.
[2023-10-26 08:30:45] ERROR: The flag is not under the bed. It's not even under the couch.
[2023-10-26 08:45:12] INFO: Agent 42 insists the flag is hidden in plain sight, disguised as a potted plant.
[2023-10-26 09:00:02] DEBUG: The trail of breadcrumbs has led us to a pie shop. Is this a delicious distraction?
[2023-10-26 09:15:33] INFO: Found a red herring, but still no sign of the flag.
[2023-10-26 09:30:58] WARNING: Agent Double Latte accidentally knocked over a tower of empty coffee cups. Caffeine disaster!
[2023-10-26 09:45:04] ERROR: The flag is rumored to be encrypted in a cryptic crossword puzzle. Crosswords are hard.
[2023-10-26 10:00:21] INFO: Agent Mystery Muncher claims the flag is hidden in the lunchroom fridge. Must investigate!
[2023-10-26 10:15:02] DEBUG: Agent X-Ray Specs tried wearing x-ray glasses but found only their own reflection.
[2023-10-26 10:30:19] INFO: The flag has gone incognito. It's now a master of disguise.
[2023-10-26 10:45:47] WARNING: Agent Jokester changed all the code comments to knock-knock jokes. The team's not amused.
[2023-10-26 11:00:14] ERROR: The flag has been found but it's wearing a fake mustache and claims to be "Flag's cousin."
[2023-10-26 11:15:28] INFO: Code red! The flag is having an identity crisis. It thinks it's a pineapple.
[2023-10-26 11:30:07] DEBUG: The flag has been spotted wearing a "This is not a flag" T-shirt.
[2023-10-26 11:45:11] INFO: Agent Zzzz is taking a power nap while the rest of us chase the elusive flag.
[2023-10-26 12:00:03] WARNING: The flag is learning martial arts. It's now a black belt in flag-fu.
[2023-10-26 12:15:42] INFO: The flag's ransom note demands 100,000 lines of Python poetry as a trade.
[2023-10-26 12:30:55] ERROR: Agent Noodle Spaghetti thinks the flag is a bowl of spaghetti. It's not.
[2023-10-26 12:45:09] INFO: We've cornered the flag in the server room. Prepare for a showdown!
[2023-10-26 13:00:17] DEBUG: The flag claims to be an AI language model, attempting to outsmart us with puns.
[2023-10-26 13:15:38] INFO: We've captured the flag and rewarded it with a flag-shaped cookie.
[2023-10-26 13:30:56] WARNING: Agent Whistler insists the flag is an alien, but it only speaks in emoji.
[2023-10-26 13:45:25] ERROR: The flag just sighed and said, "You found me, but I've had enough fun."
[2023-10-26 14:00:14] INFO: The flag is ready to reveal its secrets. It's been a great adventure!
